Using pre-set license
Built from '2020.3/staging' branch; Version is '2020.3.28f1 (f5400f52e03f) revision 16072719'; Using compiler version '192528614'; Build Type 'Release'
OS: 'Windows 11  (10.0.22000) 64bit Core' Language: 'de' Physical Memory: 16163 MB
BatchMode: 1, IsHumanControllingUs: 0, StartBugReporterOnCrash: 0, Is64bit: 1, IsPro: 0

COMMAND LINE ARGUMENTS:
C:\Program Files\Unity\Hub\Editor\2020.3.28f1\Editor\Unity.exe
-adb2
-batchMode
-noUpm
-name
AssetImportWorker0
-projectPath
C:/Users/aliay/OneDrive/Dokumente/GitHub/SurvivalGame/SurvivalGame
-logFile
Logs/AssetImportWorker0.log
-srvPort
51008
Successfully changed project path to: C:/Users/aliay/OneDrive/Dokumente/GitHub/SurvivalGame/SurvivalGame
C:/Users/aliay/OneDrive/Dokumente/GitHub/SurvivalGame/SurvivalGame
Using Asset Import Pipeline V2.
Refreshing native plugins compatible for Editor in 54.15 ms, found 2 plugins.
Preloading 0 native plugins for Editor in 0.00 ms.
Initialize engine version: 2020.3.28f1 (f5400f52e03f)
[Subsystems] Discovering subsystems at path C:/Program Files/Unity/Hub/Editor/2020.3.28f1/Editor/Data/Resources/UnitySubsystems
[Subsystems] Discovering subsystems at path C:/Users/aliay/OneDrive/Dokumente/GitHub/SurvivalGame/SurvivalGame/Assets
GfxDevice: creating device client; threaded=0
Direct3D:
    Version:  Direct3D 11.0 [level 11.1]
    Renderer: Intel(R) Iris(R) Xe Graphics (ID=0x9a49)
    Vendor:   
    VRAM:     8081 MB
    Driver:   30.0.101.1003
Initialize mono
Mono path[0] = 'C:/Program Files/Unity/Hub/Editor/2020.3.28f1/Editor/Data/Managed'
Mono path[1] = 'C:/Program Files/Unity/Hub/Editor/2020.3.28f1/Editor/Data/MonoBleedingEdge/lib/mono/unityjit'
Mono config path = 'C:/Program Files/Unity/Hub/Editor/2020.3.28f1/Editor/Data/MonoBleedingEdge/etc'
Using monoOptions --debugger-agent=transport=dt_socket,embedding=1,server=y,suspend=n,address=127.0.0.1:56168
Begin MonoManager ReloadAssembly
Registering precompiled unity dll's ...
Register platform support module: C:/Program Files/Unity/Hub/Editor/2020.3.28f1/Editor/Data/PlaybackEngines/WebGLSupport/UnityEditor.WebGL.Extensions.dll
Register platform support module: C:/Program Files/Unity/Hub/Editor/2020.3.28f1/Editor/Data/PlaybackEngines/WindowsStandaloneSupport/UnityEditor.WindowsStandalone.Extensions.dll
Registered in 0.004217 seconds.
Native extension for WindowsStandalone target not found
Native extension for WebGL target not found
Refreshing native plugins compatible for Editor in 54.22 ms, found 2 plugins.
Preloading 0 native plugins for Editor in 0.00 ms.
Mono: successfully reloaded assembly
- Completed reload, in  1.189 seconds
Domain Reload Profiling:
	ReloadAssembly (1190ms)
		BeginReloadAssembly (97ms)
			ExecutionOrderSort (0ms)
			DisableScriptedObjects (0ms)
			BackupInstance (0ms)
			ReleaseScriptingObjects (0ms)
			CreateAndSetChildDomain (2ms)
		EndReloadAssembly (913ms)
			LoadAssemblies (95ms)
			RebuildTransferFunctionScriptingTraits (0ms)
			SetupTypeCache (217ms)
			ReleaseScriptCaches (0ms)
			RebuildScriptCaches (82ms)
			SetupLoadedEditorAssemblies (362ms)
				LogAssemblyErrors (0ms)
				InitializePlatformSupportModulesInManaged (9ms)
				SetLoadedEditorAssemblies (0ms)
				RefreshPlugins (54ms)
				BeforeProcessingInitializeOnLoad (21ms)
				ProcessInitializeOnLoadAttributes (201ms)
				ProcessInitializeOnLoadMethodAttributes (76ms)
				AfterProcessingInitializeOnLoad (0ms)
				EditorAssembliesLoaded (0ms)
			ExecutionOrderSort2 (0ms)
			AwakeInstancesAfterBackupRestoration (0ms)
Platform modules already initialized, skipping
Registering precompiled user dll's ...
Registered in 0.006859 seconds.
Begin MonoManager ReloadAssembly
Native extension for WindowsStandalone target not found
Native extension for WebGL target not found
Refreshing native plugins compatible for Editor in 0.31 ms, found 2 plugins.
Preloading 0 native plugins for Editor in 0.00 ms.
Mono: successfully reloaded assembly
- Completed reload, in  1.799 seconds
Domain Reload Profiling:
	ReloadAssembly (1801ms)
		BeginReloadAssembly (290ms)
			ExecutionOrderSort (0ms)
			DisableScriptedObjects (12ms)
			BackupInstance (0ms)
			ReleaseScriptingObjects (0ms)
			CreateAndSetChildDomain (39ms)
		EndReloadAssembly (1352ms)
			LoadAssemblies (190ms)
			RebuildTransferFunctionScriptingTraits (0ms)
			SetupTypeCache (331ms)
			ReleaseScriptCaches (0ms)
			RebuildScriptCaches (60ms)
			SetupLoadedEditorAssemblies (607ms)
				LogAssemblyErrors (0ms)
				InitializePlatformSupportModulesInManaged (7ms)
				SetLoadedEditorAssemblies (1ms)
				RefreshPlugins (0ms)
				BeforeProcessingInitializeOnLoad (216ms)
				ProcessInitializeOnLoadAttributes (356ms)
				ProcessInitializeOnLoadMethodAttributes (18ms)
				AfterProcessingInitializeOnLoad (8ms)
				EditorAssembliesLoaded (1ms)
			ExecutionOrderSort2 (0ms)
			AwakeInstancesAfterBackupRestoration (17ms)
Platform modules already initialized, skipping
========================================================================
Worker process is ready to serve import requests
Launched and connected shader compiler UnityShaderCompiler.exe after 0.08 seconds
Refreshing native plugins compatible for Editor in 0.38 ms, found 2 plugins.
Preloading 0 native plugins for Editor in 0.00 ms.
Unloading 1502 Unused Serialized files (Serialized files now loaded: 0)
System memory in use before: 79.6 MB.
System memory in use after: 79.7 MB.

Unloading 19 unused Assets to reduce memory usage. Loaded Objects now: 1948.
Total: 5.077500 ms (FindLiveObjects: 0.270000 ms CreateObjectMapping: 0.083500 ms MarkObjects: 4.581700 ms  DeleteObjects: 0.138800 ms)

AssetImportParameters requested are different than current active one (requested -> active):
  custom:framework-win-MediaFoundation: 216162199b28c13a410421893ffa2e32 -> 
  custom:video-decoder-ogg-theora: a1e56fd34408186e4bbccfd4996cb3dc -> 
  custom:container-muxer-webm: aa71ff27fc2769a1b78a27578f13a17b -> 
  custom:container-demuxer-webm: 4f35f7cbe854078d1ac9338744f61a02 -> 
  custom:container-demuxer-ogg: 62fdf1f143b41e24485cea50d1cbac27 -> 
  custom:video-encoder-webm-vp8: eb34c28f22e8b96e1ab97ce403110664 -> 
  custom:video-decoder-webm-vp8: 9c59270c3fd7afecdb556c50c9e8de78 -> 
  custom:audio-decoder-ogg-vorbis: bf7c407c2cedff20999df2af8eb42d56 -> 
  custom:audio-encoder-webm-vorbis: bf7c407c2cedff20999df2af8eb42d56 -> 
========================================================================
Received Import Request.
  path: Assets/New Terrain.asset
  artifactKey: Guid(e9926b46c85a6904d9db3f89643c4d6b) Importer(815301076,1909f56bfc062723c751e8b465ee728b)
Start importing Assets/New Terrain.asset using Guid(e9926b46c85a6904d9db3f89643c4d6b) Importer(815301076,1909f56bfc062723c751e8b465ee728b)  -> (artifact id: '79a3be6dce461a23d981c4b88d7a43f3') in 0.074786 seconds 
  Import took 0.081108 seconds .

========================================================================
Received Import Request.
  Time since last request: 98.386649 seconds.
  path: Assets/Material/Grass.mat
  artifactKey: Guid(0111bf25e6bebae4f9ee4169a945f5a6) Importer(815301076,1909f56bfc062723c751e8b465ee728b)
Start importing Assets/Material/Grass.mat using Guid(0111bf25e6bebae4f9ee4169a945f5a6) Importer(815301076,1909f56bfc062723c751e8b465ee728b)  -> (artifact id: '4571ce7c796affd32a03bdd675479cb7') in 0.455964 seconds 
  Import took 0.461044 seconds .

========================================================================
Received Import Request.
  Time since last request: 145.863516 seconds.
  path: Assets/Material
  artifactKey: Guid(0e5b37f2a98888b4592f4e328c9f43eb) Importer(815301076,1909f56bfc062723c751e8b465ee728b)
Start importing Assets/Material using Guid(0e5b37f2a98888b4592f4e328c9f43eb) Importer(815301076,1909f56bfc062723c751e8b465ee728b)  -> (artifact id: '11eb2995eb83a331aa0525ff0b6f7a9f') in 0.018808 seconds 
  Import took 0.023651 seconds .

========================================================================
Received Import Request.
  Time since last request: 0.310967 seconds.
  path: Assets/Script
  artifactKey: Guid(3f825ecc4c3ec4945a6d897b1e183634) Importer(815301076,1909f56bfc062723c751e8b465ee728b)
Start importing Assets/Script using Guid(3f825ecc4c3ec4945a6d897b1e183634) Importer(815301076,1909f56bfc062723c751e8b465ee728b)  -> (artifact id: '6b287a578f4e77d1348cc79dcdc57164') in 0.021915 seconds 
  Import took 0.028465 seconds .

========================================================================
Received Import Request.
  Time since last request: 4.647070 seconds.
  path: Assets/Testing
  artifactKey: Guid(de5c0503ab185af4386c845d08de35db) Importer(815301076,1909f56bfc062723c751e8b465ee728b)
Start importing Assets/Testing using Guid(de5c0503ab185af4386c845d08de35db) Importer(815301076,1909f56bfc062723c751e8b465ee728b)  -> (artifact id: 'c979ddd8686ec85f860ee9ff988d7178') in 0.014053 seconds 
  Import took 0.017065 seconds .

========================================================================
Received Import Request.
  Time since last request: 79.561267 seconds.
  path: Assets/Material/Dirt.mat
  artifactKey: Guid(baf9c62891b2c9c4db140ab02422978c) Importer(815301076,1909f56bfc062723c751e8b465ee728b)
Start importing Assets/Material/Dirt.mat using Guid(baf9c62891b2c9c4db140ab02422978c) Importer(815301076,1909f56bfc062723c751e8b465ee728b)  -> (artifact id: '6c5ff7f6865c1f22ddb86b266a549320') in 0.021701 seconds 
  Import took 0.025150 seconds .

========================================================================
Received Import Request.
  Time since last request: 114.318885 seconds.
  path: ProjectSettings/TagManager.asset
  artifactKey: Guid(00000000000000003000000000000000) Importer(815301076,1909f56bfc062723c751e8b465ee728b)
Start importing ProjectSettings/TagManager.asset using Guid(00000000000000003000000000000000) Importer(815301076,1909f56bfc062723c751e8b465ee728b)  -> (artifact id: 'ce6a35c3cddc746e7501c0bd0ed6d4ce') in 0.014036 seconds 
  Import took 0.018522 seconds .

========================================================================
Received Import Request.
  Time since last request: 34.790140 seconds.
  path: Assets/Material/BlueFigure.mat
  artifactKey: Guid(0d92249bd2e57df419fc0dde33b1c70b) Importer(815301076,1909f56bfc062723c751e8b465ee728b)
Start importing Assets/Material/BlueFigure.mat using Guid(0d92249bd2e57df419fc0dde33b1c70b) Importer(815301076,1909f56bfc062723c751e8b465ee728b)  -> (artifact id: 'cf50e86c6972b74edee3428f09ddde33') in 0.028678 seconds 
  Import took 0.032197 seconds .

========================================================================
Received Import Request.
  Time since last request: 38.464160 seconds.
  path: Assets/Script/PlayerMovement.cs
  artifactKey: Guid(9b53d9c8674194b42a1102058e6e848f) Importer(815301076,1909f56bfc062723c751e8b465ee728b)
Start importing Assets/Script/PlayerMovement.cs using Guid(9b53d9c8674194b42a1102058e6e848f) Importer(815301076,1909f56bfc062723c751e8b465ee728b)  -> (artifact id: 'd7386519c4328a6cca81a6f083ef698a') in 0.012668 seconds 
  Import took 0.015444 seconds .

========================================================================
Received Prepare
Registering precompiled user dll's ...
Registered in 0.002805 seconds.
Begin MonoManager ReloadAssembly
Native extension for WindowsStandalone target not found
Native extension for WebGL target not found
Refreshing native plugins compatible for Editor in 0.30 ms, found 2 plugins.
Preloading 0 native plugins for Editor in 0.00 ms.
Mono: successfully reloaded assembly
- Completed reload, in  1.498 seconds
Domain Reload Profiling:
	ReloadAssembly (1499ms)
		BeginReloadAssembly (106ms)
			ExecutionOrderSort (0ms)
			DisableScriptedObjects (5ms)
			BackupInstance (0ms)
			ReleaseScriptingObjects (0ms)
			CreateAndSetChildDomain (32ms)
		EndReloadAssembly (1324ms)
			LoadAssemblies (80ms)
			RebuildTransferFunctionScriptingTraits (0ms)
			SetupTypeCache (407ms)
			ReleaseScriptCaches (1ms)
			RebuildScriptCaches (75ms)
			SetupLoadedEditorAssemblies (468ms)
				LogAssemblyErrors (0ms)
				InitializePlatformSupportModulesInManaged (6ms)
				SetLoadedEditorAssemblies (1ms)
				RefreshPlugins (0ms)
				BeforeProcessingInitializeOnLoad (115ms)
				ProcessInitializeOnLoadAttributes (334ms)
				ProcessInitializeOnLoadMethodAttributes (9ms)
				AfterProcessingInitializeOnLoad (4ms)
				EditorAssembliesLoaded (0ms)
			ExecutionOrderSort2 (0ms)
			AwakeInstancesAfterBackupRestoration (22ms)
Platform modules already initialized, skipping
Refreshing native plugins compatible for Editor in 0.49 ms, found 2 plugins.
Preloading 0 native plugins for Editor in 0.00 ms.
Unloading 1497 Unused Serialized files (Serialized files now loaded: 0)
System memory in use before: 82.8 MB.
System memory in use after: 83.0 MB.

Unloading 15 unused Assets to reduce memory usage. Loaded Objects now: 1991.
Total: 2.650700 ms (FindLiveObjects: 0.186100 ms CreateObjectMapping: 0.070700 ms MarkObjects: 2.368700 ms  DeleteObjects: 0.023600 ms)

AssetImportParameters requested are different than current active one (requested -> active):
  custom:framework-win-MediaFoundation: 216162199b28c13a410421893ffa2e32 -> 
  custom:video-decoder-ogg-theora: a1e56fd34408186e4bbccfd4996cb3dc -> 
  custom:container-muxer-webm: aa71ff27fc2769a1b78a27578f13a17b -> 
  custom:container-demuxer-webm: 4f35f7cbe854078d1ac9338744f61a02 -> 
  custom:container-demuxer-ogg: 62fdf1f143b41e24485cea50d1cbac27 -> 
  custom:video-encoder-webm-vp8: eb34c28f22e8b96e1ab97ce403110664 -> 
  custom:video-decoder-webm-vp8: 9c59270c3fd7afecdb556c50c9e8de78 -> 
  custom:audio-decoder-ogg-vorbis: bf7c407c2cedff20999df2af8eb42d56 -> 
  custom:audio-encoder-webm-vorbis: bf7c407c2cedff20999df2af8eb42d56 -> 
AssetImportWorkerClient::OnTransportError - code=2 error=End of file
